<?xml version="1.0" encoding="UTF-8"?>
<!-- Generated by org.testng.reporters.JUnitXMLReporter -->
<testsuite hostname="DESKTOP-6MBFS7G" ignored="0" name="Test" tests="9" failures="2" timestamp="11 Oct 2022 16:01:39 GMT" time="0.264" errors="0">
  <testcase name="tc2" time="0.041" classname="assertion.MouseHover1"/>
  <testcase name="tc1" time="0.013" classname="assertion.MouseHover1">
    <skipped/>
  </testcase> <!-- tc1 -->
  <testcase name="tc1" time="0.006" classname="assertion.MouseHover1">
    <skipped/>
  </testcase> <!-- tc1 -->
  <testcase name="tc1" time="0.005" classname="assertion.MouseHover1">
    <skipped/>
  </testcase> <!-- tc1 -->
  <testcase name="tc1" time="0.003" classname="assertion.MouseHover1">
    <failure type="java.lang.AssertionError" message="expected [true] but found [false]">
      <![CDATA[java.lang.AssertionError: expected [true] but found [false]
at assertion.MouseHover1.tc1(MouseHover1.java:17)
... Removed 29 stack frames]]>
    </failure>
  </testcase> <!-- tc1 -->
  <testcase name="tc3" time="0.009" classname="assertion.MouseHover1">
    <skipped/>
  </testcase> <!-- tc3 -->
  <testcase name="tc3" time="0.008" classname="assertion.MouseHover1">
    <skipped/>
  </testcase> <!-- tc3 -->
  <testcase name="tc3" time="0.009" classname="assertion.MouseHover1">
    <skipped/>
  </testcase> <!-- tc3 -->
  <testcase name="tc3" time="0.005" classname="assertion.MouseHover1">
    <failure type="java.lang.AssertionError" message="expected [true] but found [false]">
      <![CDATA[java.lang.AssertionError: expected [true] but found [false]
at assertion.MouseHover1.tc3(MouseHover1.java:31)
... Removed 29 stack frames]]>
    </failure>
  </testcase> <!-- tc3 -->
</testsuite> <!-- Test -->
